20110521 16:25:30 Version           = 3.0.3
20110521 16:25:30 Name              = Server 1
20110521 16:25:30 Phonetic          = Server 1
20110521 16:25:30 Auth              = 0
20110521 16:25:30 Duplicates        = 1
20110521 16:25:30 SendBuffer        = 131072
20110521 16:25:30 RecvBuffer        = 131072
20110521 16:25:30 LogonTimeout      = 5
20110521 16:25:30 CloseStd          = 1
20110521 16:25:30 TimeStamp         = 0
20110521 16:25:30 PingRate          = 10
20110521 16:25:30 ExtraBuffer       = 131072
20110521 16:25:30 ChanWidth         = 0
20110521 16:25:30 ChanDepth         = 8
20110521 16:25:30 ChanClients       = 0
20110521 16:25:30 DisableQuit       = 0
20110521 16:25:30 VoiceCodec        = 0 (GSM 6.10)
20110521 16:25:30 VoiceFormat       = 1 (11 KHz, 16 bit) - Bytes/Sec 2210
20110521 16:25:30 SilentLobby       = 0
20110521 16:25:30 AutoKick          = 0
20110521 16:25:30 MaxClients        = 8
20110521 16:25:30 
20110521 16:25:30 
20110521 16:25:30 READY:
20110521 16:25:37 END: Shutting down the server.
20110521 16:25:37 END: Shutdown complete. Uptime was 0 00:00:07.
20110521 16:28:52 Version           = 3.0.3
20110521 16:28:52 Name              = #uFo
20110521 16:28:52 Phonetic          = #uFo
20110521 16:28:52 Auth              = 0
20110521 16:28:52 Duplicates        = 1
20110521 16:28:52 SendBuffer        = 131072
20110521 16:28:52 RecvBuffer        = 131072
20110521 16:28:52 LogonTimeout      = 5
20110521 16:28:52 CloseStd          = 1
20110521 16:28:52 TimeStamp         = 0
20110521 16:28:52 PingRate          = 10
20110521 16:28:52 ExtraBuffer       = 131072
20110521 16:28:52 ChanWidth         = 0
20110521 16:28:52 ChanDepth         = 8
20110521 16:28:52 ChanClients       = 0
20110521 16:28:52 DisableQuit       = 0
20110521 16:28:52 VoiceCodec        = 3 (Speex)
20110521 16:28:52 VoiceFormat       = 32 (32 KHz, 16 bit, 10 Qlty) - Bytes/Sec 5520
20110521 16:28:52 SilentLobby       = 0
20110521 16:28:52 AutoKick          = 0
20110521 16:28:52 MaxClients        = 8
20110521 16:28:52 
20110521 16:28:52 
20110521 16:28:52 READY:
20110521 16:29:00 END: Shutting down the server.
20110521 16:29:00 END: Shutdown complete. Uptime was 0 00:00:08.
20110522 02:32:59 Version           = 3.0.3
20110522 02:32:59 Name              = #uFo
20110522 02:32:59 Phonetic          = #uFo
20110522 02:32:59 Auth              = 0
20110522 02:32:59 Duplicates        = 1
20110522 02:32:59 SendBuffer        = 131072
20110522 02:32:59 RecvBuffer        = 131072
20110522 02:32:59 LogonTimeout      = 5
20110522 02:32:59 CloseStd          = 1
20110522 02:32:59 TimeStamp         = 0
20110522 02:32:59 PingRate          = 10
20110522 02:32:59 ExtraBuffer       = 131072
20110522 02:32:59 ChanWidth         = 0
20110522 02:32:59 ChanDepth         = 8
20110522 02:32:59 ChanClients       = 0
20110522 02:32:59 DisableQuit       = 0
20110522 02:32:59 VoiceCodec        = 3 (Speex)
20110522 02:32:59 VoiceFormat       = 32 (32 KHz, 16 bit, 10 Qlty) - Bytes/Sec 5520
20110522 02:32:59 SilentLobby       = 0
20110522 02:32:59 AutoKick          = 0
20110522 02:32:59 MaxClients        = 8
20110522 02:32:59 
20110522 02:32:59 
20110522 02:32:59 READY:
20110522 02:33:02 END: Shutting down the server.
20110522 02:33:02 END: Shutdown complete. Uptime was 0 00:00:03.
20110522 02:54:36 Version           = 3.0.3
20110522 02:54:36 Name              = #uFo
20110522 02:54:36 Phonetic          = #uFo
20110522 02:54:36 Auth              = 0
20110522 02:54:36 Duplicates        = 1
20110522 02:54:36 SendBuffer        = 131072
20110522 02:54:36 RecvBuffer        = 131072
20110522 02:54:36 LogonTimeout      = 5
20110522 02:54:36 CloseStd          = 1
20110522 02:54:36 TimeStamp         = 0
20110522 02:54:36 PingRate          = 10
20110522 02:54:36 ExtraBuffer       = 131072
20110522 02:54:36 ChanWidth         = 0
20110522 02:54:36 ChanDepth         = 8
20110522 02:54:36 ChanClients       = 0
20110522 02:54:36 DisableQuit       = 0
20110522 02:54:36 VoiceCodec        = 3 (Speex)
20110522 02:54:36 VoiceFormat       = 32 (32 KHz, 16 bit, 10 Qlty) - Bytes/Sec 5520
20110522 02:54:36 SilentLobby       = 0
20110522 02:54:36 AutoKick          = 0
20110522 02:54:36 MaxClients        = 8
20110522 02:54:36 
20110522 02:54:36 
20110522 02:54:36 READY:
20110522 02:54:50 MSG_CONN: ID 1, IP 192.168.2.1, Accepted. (8192,131072) (8192,131072)
20110522 02:55:01 MSG_CONN: ID 2, IP 222.96.133.128, Accepted. (8192,131072) (8192,131072)
20110522 02:56:49 NET: ID 2, Disconnect, 10054.
20110522 02:56:49 MSG_DISC: ID 2, From=42322, To=49615, Sec=108, Name=aa
20111019 22:14:03 Version           = 3.0.3
20111019 22:14:03 Name              = #uFo
20111019 22:14:03 Phonetic          = #uFo
20111019 22:14:03 Auth              = 0
20111019 22:14:03 Duplicates        = 1
20111019 22:14:03 SendBuffer        = 131072
20111019 22:14:03 RecvBuffer        = 131072
20111019 22:14:03 LogonTimeout      = 5
20111019 22:14:03 CloseStd          = 1
20111019 22:14:03 TimeStamp         = 0
20111019 22:14:03 PingRate          = 10
20111019 22:14:03 ExtraBuffer       = 131072
20111019 22:14:03 ChanWidth         = 0
20111019 22:14:03 ChanDepth         = 8
20111019 22:14:03 ChanClients       = 0
20111019 22:14:03 DisableQuit       = 0
20111019 22:14:03 VoiceCodec        = 3 (Speex)
20111019 22:14:03 VoiceFormat       = 32 (32 KHz, 16 bit, 10 Qlty) - Bytes/Sec 5520
20111019 22:14:03 SilentLobby       = 0
20111019 22:14:03 AutoKick          = 0
20111019 22:14:03 MaxClients        = 8
20111019 22:14:03 
20111019 22:14:03 
20111019 22:14:03 READY:
20111019 22:14:32 END: Shutting down the server.
20111019 22:14:32 END: Shutdown complete. Uptime was 0 00:00:29.
20111019 22:15:05 Version           = 3.0.3
20111019 22:15:05 Name              = #uFo
20111019 22:15:05 Phonetic          = #uFo
20111019 22:15:05 Auth              = 0
20111019 22:15:05 Duplicates        = 1
20111019 22:15:05 SendBuffer        = 131072
20111019 22:15:05 RecvBuffer        = 131072
20111019 22:15:05 LogonTimeout      = 5
20111019 22:15:05 CloseStd          = 1
20111019 22:15:05 TimeStamp         = 0
20111019 22:15:05 PingRate          = 10
20111019 22:15:05 ExtraBuffer       = 131072
20111019 22:15:05 ChanWidth         = 0
20111019 22:15:05 ChanDepth         = 8
20111019 22:15:05 ChanClients       = 0
20111019 22:15:05 DisableQuit       = 0
20111019 22:15:05 VoiceCodec        = 3 (Speex)
20111019 22:15:05 VoiceFormat       = 32 (32 KHz, 16 bit, 10 Qlty) - Bytes/Sec 5520
20111019 22:15:05 SilentLobby       = 0
20111019 22:15:05 AutoKick          = 0
20111019 22:15:05 MaxClients        = 8
20111019 22:15:05 
20111019 22:15:05 
20111019 22:15:05 READY:
20111019 22:15:11 MSG_CONN: ID 1, IP 192.168.2.1, Accepted. (8192,131072) (8192,131072)
20111019 22:15:21 END: Shutting down the server.
20111019 22:15:21 END: Shutdown complete. Uptime was 0 00:00:16.
20111022 02:16:59 Version           = 3.0.3
20111022 02:16:59 Name              = #uFo
20111022 02:16:59 Phonetic          = #uFo
20111022 02:16:59 Auth              = 0
20111022 02:16:59 Duplicates        = 1
20111022 02:16:59 SendBuffer        = 131072
20111022 02:16:59 RecvBuffer        = 131072
20111022 02:16:59 LogonTimeout      = 5
20111022 02:16:59 CloseStd          = 1
20111022 02:16:59 TimeStamp         = 0
20111022 02:16:59 PingRate          = 10
20111022 02:16:59 ExtraBuffer       = 131072
20111022 02:16:59 ChanWidth         = 0
20111022 02:16:59 ChanDepth         = 8
20111022 02:16:59 ChanClients       = 0
20111022 02:16:59 DisableQuit       = 0
20111022 02:16:59 VoiceCodec        = 3 (Speex)
20111022 02:16:59 VoiceFormat       = 32 (32 KHz, 16 bit, 10 Qlty) - Bytes/Sec 5520
20111022 02:16:59 SilentLobby       = 0
20111022 02:16:59 AutoKick          = 0
20111022 02:16:59 MaxClients        = 8
20111022 02:16:59 
20111022 02:16:59 
20111022 02:16:59 READY:
20111022 02:17:06 MSG_CONN: ID 1, IP 192.168.2.1, Accepted. (8192,131072) (8192,131072)
20111022 02:17:06 NET: ID 1, Disconnect, 10054.
20111022 02:17:06 MSG_DISC: ID 1, From=578, To=821, Sec=0, Name=AmiE
20111022 02:18:24 MSG_CONN: ID 2, IP 180.92.112.160, Accepted. (8192,131072) (8192,131072)
20111022 02:18:24 MSG_CONN: ID 3, IP 125.177.195.83, Accepted. (8192,131072) (8192,131072)
20111022 02:18:26 MSG_CONN: ID 4, IP 175.126.140.9, Accepted. (8192,131072) (8192,131072)
20111022 02:18:29 MSG_CONN: ID 5, IP 121.88.107.214, Accepted. (8192,131072) (8192,131072)
20111022 02:21:13 MSG_CONN: ID 6, IP 183.78.221.114, Accepted. (8192,131072) (8192,131072)
20111022 04:14:01 Version           = 3.0.3
20111022 04:14:01 Name              = #uFo
20111022 04:14:01 Phonetic          = #uFo
20111022 04:14:01 Auth              = 0
20111022 04:14:01 Duplicates        = 1
20111022 04:14:01 SendBuffer        = 131072
20111022 04:14:01 RecvBuffer        = 131072
20111022 04:14:01 LogonTimeout      = 5
20111022 04:14:01 CloseStd          = 1
20111022 04:14:01 TimeStamp         = 0
20111022 04:14:01 PingRate          = 10
20111022 04:14:01 ExtraBuffer       = 131072
20111022 04:14:01 ChanWidth         = 0
20111022 04:14:01 ChanDepth         = 8
20111022 04:14:01 ChanClients       = 0
20111022 04:14:01 DisableQuit       = 0
20111022 04:14:01 VoiceCodec        = 3 (Speex)
20111022 04:14:01 VoiceFormat       = 32 (32 KHz, 16 bit, 10 Qlty) - Bytes/Sec 5520
20111022 04:14:01 SilentLobby       = 0
20111022 04:14:01 AutoKick          = 0
20111022 04:14:01 MaxClients        = 8
20111022 04:14:01 
20111022 04:14:01 
20111022 04:14:01 READY:
20111022 04:14:05 END: Shutting down the server.
20111022 04:14:05 END: Shutdown complete. Uptime was 0 00:00:04.
20111023 23:55:20 Version           = 3.0.3
20111023 23:55:20 Name              = #uFo
20111023 23:55:20 Phonetic          = #uFo
20111023 23:55:20 Auth              = 0
20111023 23:55:20 Duplicates        = 1
20111023 23:55:20 SendBuffer        = 131072
20111023 23:55:20 RecvBuffer        = 131072
20111023 23:55:20 LogonTimeout      = 5
20111023 23:55:20 CloseStd          = 1
20111023 23:55:20 TimeStamp         = 0
20111023 23:55:20 PingRate          = 10
20111023 23:55:20 ExtraBuffer       = 131072
20111023 23:55:20 ChanWidth         = 0
20111023 23:55:20 ChanDepth         = 8
20111023 23:55:20 ChanClients       = 0
20111023 23:55:20 DisableQuit       = 0
20111023 23:55:20 VoiceCodec        = 3 (Speex)
20111023 23:55:20 VoiceFormat       = 32 (32 KHz, 16 bit, 10 Qlty) - Bytes/Sec 5520
20111023 23:55:20 SilentLobby       = 0
20111023 23:55:20 AutoKick          = 0
20111023 23:55:20 MaxClients        = 8
20111023 23:55:20 
20111023 23:55:20 
20111023 23:55:20 READY:
20111023 23:55:44 MSG_CONN: ID 1, IP 121.88.107.214, Accepted. (8192,131072) (8192,131072)
20111023 23:55:51 MSG_CONN: ID 2, IP 125.177.195.83, Accepted. (8192,131072) (8192,131072)
20111023 23:55:52 MSG_CONN: ID 3, IP 125.184.143.12, Accepted. (8192,131072) (8192,131072)
20111023 23:56:03 MSG_CONN: ID 4, IP 183.78.221.114, Accepted. (8192,131072) (8192,131072)
20111024 00:41:48 NET: ID 1, Disconnect, 10054.
20111024 00:41:48 MSG_DISC: ID 1, From=1978970, To=7999420, Sec=2764, Name=Bang
20111024 00:42:07 MSG_CONN: ID 5, IP 121.88.107.214, Accepted. (8192,131072) (8192,131072)
20111024 01:30:45 NET: ID 3, Disconnect, 10054.
20111024 01:30:45 MSG_DISC: ID 3, From=10349738, To=8973830, Sec=5693, Name=LoveEx
20111024 01:33:07 MSG_CONN: ID 6, IP 59.7.5.224, Accepted. (8192,131072) (8192,131072)
20111024 01:33:27 MSG_CONN: ID 7, IP 182.213.215.39, Accepted. (8192,131072) (8192,131072)
20111024 01:38:05 MSG_CONN: ID 8, IP 119.77.116.94, Accepted. (8192,131072) (8192,131072)
20111024 01:38:10 NET: ID 4, Disconnect, 10054.
20111024 01:38:10 MSG_DISC: ID 4, From=17392, To=20149656, Sec=6127, Name=eelz
20111024 02:05:58 NET: ID 8, Disconnect, 10054.
20111024 02:05:58 MSG_DISC: ID 8, From=5170, To=5313472, Sec=1673, Name=1234
20111024 02:07:43 NET: ID 6, Disconnect, 10054.
20111024 02:07:43 MSG_DISC: ID 6, From=172216, To=6538565, Sec=2076, Name=gyu1
20111024 02:17:23 NET: ID 2, Disconnect, 10054.
20111024 02:17:23 MSG_DISC: ID 2, From=7635228, To=20037306, Sec=8492, Name=kt
20111024 02:17:30 NET: ID 5, Disconnect, 10054.
20111024 02:17:30 MSG_DISC: ID 5, From=5885924, To=11912461, Sec=5723, Name=Bang
20111024 02:17:37 NET: ID 7, Disconnect, 10054.
20111024 02:17:37 MSG_DISC: ID 7, From=2656050, To=5483062, Sec=2650, Name=123
20111024 02:48:46 END: Shutting down the server.
20111024 02:48:46 END: Shutdown complete. Uptime was 0 02:53:26.
20111028 17:59:56 Version           = 3.0.3
20111028 17:59:56 Name              = #uFo
20111028 17:59:56 Phonetic          = #uFo
20111028 17:59:56 Auth              = 0
20111028 17:59:56 Duplicates        = 1
20111028 17:59:56 SendBuffer        = 131072
20111028 17:59:56 RecvBuffer        = 131072
20111028 17:59:56 LogonTimeout      = 5
20111028 17:59:56 CloseStd          = 1
20111028 17:59:56 TimeStamp         = 0
20111028 17:59:56 PingRate          = 10
20111028 17:59:56 ExtraBuffer       = 131072
20111028 17:59:56 ChanWidth         = 0
20111028 17:59:56 ChanDepth         = 8
20111028 17:59:56 ChanClients       = 0
20111028 17:59:56 DisableQuit       = 0
20111028 17:59:56 VoiceCodec        = 3 (Speex)
20111028 17:59:56 VoiceFormat       = 32 (32 KHz, 16 bit, 10 Qlty) - Bytes/Sec 5520
20111028 17:59:56 SilentLobby       = 0
20111028 17:59:56 AutoKick          = 0
20111028 17:59:56 MaxClients        = 8
20111028 17:59:56 
20111028 17:59:56 
20111028 17:59:56 READY:
20111028 18:00:04 MSG_CONN: ID 1, IP 175.213.28.238, Accepted. (8192,131072) (8192,131072)
20111028 18:00:07 MSG_CONN: ID 2, IP 192.168.2.1, Accepted. (8192,131072) (8192,131072)
20111028 18:00:16 MSG_CONN: ID 3, IP 59.31.103.187, Accepted. (8192,131072) (8192,131072)
20111028 18:00:21 MSG_CONN: ID 4, IP 125.177.195.83, Accepted. (8192,131072) (8192,131072)
20111028 18:00:34 MSG_CONN: ID 5, IP 61.36.154.20, Accepted. (8192,131072) (8192,131072)
20111028 19:33:17 NET: ID 4, Disconnect, 10054.
20111028 19:33:17 MSG_DISC: ID 4, From=4813304, To=15128079, Sec=5576, Name=kt
20111028 19:33:19 NET: ID 3, Disconnect, 10054.
20111028 19:33:19 MSG_DISC: ID 3, From=3374614, To=16458163, Sec=5583, Name=pyrek
20111028 19:33:23 NET: ID 5, Disconnect, 10054.
20111028 19:33:23 MSG_DISC: ID 5, From=2752736, To=17105415, Sec=5569, Name=hs
20111028 19:33:27 END: Shutting down the server.
20111028 19:33:27 END: Shutdown complete. Uptime was 0 01:33:31.
20111028 23:47:19 Version           = 3.0.3
20111028 23:47:19 Name              = #uFo
20111028 23:47:19 Phonetic          = #uFo
20111028 23:47:19 Auth              = 0
20111028 23:47:19 Duplicates        = 1
20111028 23:47:19 SendBuffer        = 131072
20111028 23:47:19 RecvBuffer        = 131072
20111028 23:47:19 LogonTimeout      = 5
20111028 23:47:19 CloseStd          = 1
20111028 23:47:19 TimeStamp         = 0
20111028 23:47:19 PingRate          = 10
20111028 23:47:19 ExtraBuffer       = 131072
20111028 23:47:19 ChanWidth         = 0
20111028 23:47:19 ChanDepth         = 8
20111028 23:47:19 ChanClients       = 0
20111028 23:47:19 DisableQuit       = 0
20111028 23:47:19 VoiceCodec        = 3 (Speex)
20111028 23:47:19 VoiceFormat       = 32 (32 KHz, 16 bit, 10 Qlty) - Bytes/Sec 5520
20111028 23:47:19 SilentLobby       = 0
20111028 23:47:19 AutoKick          = 0
20111028 23:47:19 MaxClients        = 8
20111028 23:47:19 
20111028 23:47:19 
20111028 23:47:19 READY:
20111028 23:47:33 MSG_CONN: ID 1, IP 203.228.109.33, Accepted. (8192,131072) (8192,131072)
20111028 23:47:39 MSG_CONN: ID 2, IP 192.168.2.1, Accepted. (8192,131072) (8192,131072)
20111028 23:47:50 MSG_CONN: ID 3, IP 116.33.210.226, Accepted. (8192,131072) (8192,131072)
20111028 23:52:00 MSG_CONN: ID 4, IP 119.195.201.136, Accepted. (8192,131072) (8192,131072)
20111028 23:55:58 MSG_CONN: ID 5, IP 112.173.168.27, Accepted. (8192,131072) (8192,131072)
20111029 00:16:29 NET: ID 1, Disconnect, 10054.
20111029 00:16:29 MSG_DISC: ID 1, From=751282, To=2555827, Sec=1736, Name=namul
20111029 00:16:32 NET: ID 5, Disconnect, 10054.
20111029 00:16:32 MSG_DISC: ID 5, From=1231838, To=1699561, Sec=1234, Name=xcvxcv
20111029 00:19:55 NET: ID 3, Disconnect, 10054.
20111029 00:19:55 MSG_DISC: ID 3, From=957234, To=2355906, Sec=1925, Name=kd
20111029 00:19:57 NET: ID 2, Disconnect, 10054.
20111029 00:19:57 MSG_DISC: ID 2, From=411138, To=2877086, Sec=1938, Name=AmiE
20111029 00:20:10 NET: ID 4, Disconnect, 10054.
20111029 00:20:10 MSG_DISC: ID 4, From=159048, To=3002071, Sec=1690, Name=eNo
20111029 00:21:23 MSG_CONN: ID 6, IP 116.33.210.226, Accepted. (8192,131072) (8192,131072)
20111029 00:21:25 NET: ID 6, Disconnect, 10054.
20111029 00:21:25 MSG_DISC: ID 6, From=578, To=801, Sec=2, Name=kd
20111029 00:22:58 END: Shutting down the server.
20111029 00:22:58 END: Shutdown complete. Uptime was 0 00:35:39.
20111029 15:52:02 Version           = 3.0.3
20111029 15:52:02 Name              = #uFo
20111029 15:52:02 Phonetic          = #uFo
20111029 15:52:02 Auth              = 0
20111029 15:52:02 Duplicates        = 1
20111029 15:52:02 SendBuffer        = 131072
20111029 15:52:02 RecvBuffer        = 131072
20111029 15:52:02 LogonTimeout      = 5
20111029 15:52:02 CloseStd          = 1
20111029 15:52:02 TimeStamp         = 0
20111029 15:52:02 PingRate          = 10
20111029 15:52:02 ExtraBuffer       = 131072
20111029 15:52:02 ChanWidth         = 0
20111029 15:52:02 ChanDepth         = 8
20111029 15:52:02 ChanClients       = 0
20111029 15:52:02 DisableQuit       = 0
20111029 15:52:02 VoiceCodec        = 3 (Speex)
20111029 15:52:02 VoiceFormat       = 32 (32 KHz, 16 bit, 10 Qlty) - Bytes/Sec 5520
20111029 15:52:02 SilentLobby       = 0
20111029 15:52:02 AutoKick          = 0
20111029 15:52:02 MaxClients        = 8
20111029 15:52:02 
20111029 15:52:02 
20111029 15:52:02 READY:
20111029 15:52:05 MSG_CONN: ID 1, IP 192.168.2.1, Accepted. (8192,131072) (8192,131072)
20111029 15:52:08 MSG_CONN: ID 2, IP 125.177.195.83, Accepted. (8192,131072) (8192,131072)
20111029 15:52:17 MSG_CONN: ID 3, IP 121.175.170.27, Accepted. (8192,131072) (8192,131072)
20111029 15:52:41 MSG_CONN: ID 4, IP 121.88.107.94, Accepted. (8192,131072) (8192,131072)
20111029 16:15:31 NET: ID 3, Disconnect, 10054.
20111029 16:15:31 MSG_DISC: ID 3, From=81614, To=514037, Sec=1394, Name=Junho
20111029 16:17:08 MSG_CONN: ID 5, IP 121.175.170.27, Accepted. (8192,131072) (8192,131072)
20111029 16:17:13 AUTO: ID 5, IP 121.175.170.27, Did not logon before timeout.
20111029 16:17:13 MSG_ABORT: ID 5, 121.175.170.27 aborted.
20111029 16:17:18 MSG_CONN: ID 6, IP 121.175.170.27, Accepted. (8192,131072) (8192,131072)
20111029 16:18:29 MSG_CONN: ID 7, IP 110.12.95.234, Accepted. (8192,131072) (8192,131072)
20111029 17:49:39 NET: ID 6, Disconnect, 10054.
20111029 17:49:39 MSG_DISC: ID 6, From=2643780, To=15177871, Sec=5541, Name=Junho
20111029 17:51:06 NET: ID 2, Disconnect, 10054.
20111029 17:51:06 MSG_DISC: ID 2, From=6240554, To=12509316, Sec=7138, Name=kt
20111029 17:51:16 NET: ID 4, Disconnect, 10054.
20111029 17:51:16 MSG_DISC: ID 4, From=5040428, To=13663332, Sec=7115, Name=Bang
20111029 17:53:20 NET: ID 7, Disconnect, 10054.
20111029 17:53:20 MSG_DISC: ID 7, From=1102454, To=16534582, Sec=5691, Name=choke
20111029 18:00:29 NET: ID 1, Disconnect, 10054.
20111029 18:00:29 END: Shutting down the server.
20111029 18:00:29 END: Shutdown complete. Uptime was 0 02:08:27.
20111029 19:57:43 Version           = 3.0.3
20111029 19:57:43 Name              = #uFo
20111029 19:57:43 Phonetic          = #uFo
20111029 19:57:43 Auth              = 0
20111029 19:57:43 Duplicates        = 1
20111029 19:57:43 SendBuffer        = 131072
20111029 19:57:43 RecvBuffer        = 131072
20111029 19:57:43 LogonTimeout      = 5
20111029 19:57:43 CloseStd          = 1
20111029 19:57:43 TimeStamp         = 0
20111029 19:57:43 PingRate          = 10
20111029 19:57:43 ExtraBuffer       = 131072
20111029 19:57:43 ChanWidth         = 0
20111029 19:57:43 ChanDepth         = 8
20111029 19:57:43 ChanClients       = 0
20111029 19:57:43 DisableQuit       = 0
20111029 19:57:43 VoiceCodec        = 3 (Speex)
20111029 19:57:43 VoiceFormat       = 32 (32 KHz, 16 bit, 10 Qlty) - Bytes/Sec 5520
20111029 19:57:43 SilentLobby       = 0
20111029 19:57:43 AutoKick          = 0
20111029 19:57:43 MaxClients        = 8
20111029 19:57:43 
20111029 19:57:43 
20111029 19:57:43 READY:
20111029 19:57:49 END: Shutting down the server.
20111029 19:57:49 END: Shutdown complete. Uptime was 0 00:00:06.
20111030 20:26:35 Version           = 3.0.3
20111030 20:26:35 Name              = #uFo
20111030 20:26:35 Phonetic          = #uFo
20111030 20:26:35 Auth              = 0
20111030 20:26:35 Duplicates        = 1
20111030 20:26:35 SendBuffer        = 131072
20111030 20:26:35 RecvBuffer        = 131072
20111030 20:26:35 LogonTimeout      = 5
20111030 20:26:35 CloseStd          = 1
20111030 20:26:35 TimeStamp         = 0
20111030 20:26:35 PingRate          = 10
20111030 20:26:35 ExtraBuffer       = 131072
20111030 20:26:35 ChanWidth         = 0
20111030 20:26:35 ChanDepth         = 8
20111030 20:26:35 ChanClients       = 0
20111030 20:26:35 DisableQuit       = 0
20111030 20:26:35 VoiceCodec        = 3 (Speex)
20111030 20:26:35 VoiceFormat       = 32 (32 KHz, 16 bit, 10 Qlty) - Bytes/Sec 5520
20111030 20:26:35 SilentLobby       = 0
20111030 20:26:35 AutoKick          = 0
20111030 20:26:35 MaxClients        = 8
20111030 20:26:35 
20111030 20:26:35 
20111030 20:26:35 READY:
20111030 20:30:19 MSG_CONN: ID 1, IP 192.168.2.1, Accepted. (8192,131072) (8192,131072)
20111030 20:30:20 MSG_CONN: ID 2, IP 175.213.28.238, Accepted. (8192,131072) (8192,131072)
20111030 20:30:23 MSG_CONN: ID 3, IP 59.31.103.187, Accepted. (8192,131072) (8192,131072)
20111030 20:33:15 MSG_CONN: ID 4, IP 27.115.211.89, Accepted. (8192,131072) (8192,131072)
20111030 20:34:34 MSG_CONN: ID 5, IP 211.106.97.104, Accepted. (8192,131072) (8192,131072)
20111030 21:08:16 NET: ID 1, Disconnect, 10054.
20111030 21:08:16 MSG_DISC: ID 1, From=1898460, To=3016002, Sec=2277, Name=AmiE
20111030 21:08:17 NET: ID 2, Disconnect, 10054.
20111030 21:08:17 MSG_DISC: ID 2, From=721048, To=4154533, Sec=2277, Name=asdasdasdsad
20111030 21:08:19 NET: ID 4, Disconnect, 10054.
20111030 21:08:19 MSG_DISC: ID 4, From=800318, To=3956655, Sec=2104, Name=Q
20111030 21:31:45 NET: ID 3, Disconnect, 10054.
20111030 21:31:45 MSG_DISC: ID 3, From=1435344, To=3448468, Sec=3682, Name=pyrek
20111030 21:32:11 NET: ID 5, Disconnect, 10054.
20111030 21:32:11 MSG_DISC: ID 5, From=325342, To=4238847, Sec=3457, Name=goodrifle
20111030 21:34:01 MSG_CONN: ID 6, IP 192.168.2.1, Accepted. (8192,131072) (8192,131072)
20111030 21:34:17 MSG_CONN: ID 7, IP 124.56.197.3, Accepted. (8192,131072) (8192,131072)
20111030 21:34:21 MSG_CONN: ID 8, IP 121.168.76.120, Accepted. (8192,131072) (8192,131072)
20111030 21:34:26 NET: ID 8, Disconnect, 10054.
20111030 21:34:26 MSG_DISC: ID 8, From=578, To=925, Sec=5, Name=sd
20111030 21:34:26 MSG_CONN: ID 9, IP 110.10.107.107, Accepted. (8192,131072) (8192,131072)
20111030 21:34:42 MSG_CONN: ID 10, IP 121.168.76.120, Accepted. (8192,131072) (8192,131072)
20111030 21:35:59 MSG_CONN: ID 11, IP 14.44.43.155, Accepted. (8192,131072) (8192,131072)
20111030 22:08:55 END: Shutting down the server.
20111030 22:08:55 END: Shutdown complete. Uptime was 0 01:42:20.
20111030 23:29:08 Version           = 3.0.3
20111030 23:29:08 Name              = #uFo
20111030 23:29:08 Phonetic          = #uFo
20111030 23:29:08 Auth              = 0
20111030 23:29:08 Duplicates        = 1
20111030 23:29:08 SendBuffer        = 131072
20111030 23:29:08 RecvBuffer        = 131072
20111030 23:29:08 LogonTimeout      = 5
20111030 23:29:08 CloseStd          = 1
20111030 23:29:08 TimeStamp         = 0
20111030 23:29:08 PingRate          = 10
20111030 23:29:08 ExtraBuffer       = 131072
20111030 23:29:08 ChanWidth         = 0
20111030 23:29:08 ChanDepth         = 8
20111030 23:29:08 ChanClients       = 0
20111030 23:29:08 DisableQuit       = 0
20111030 23:29:08 VoiceCodec        = 3 (Speex)
20111030 23:29:08 VoiceFormat       = 32 (32 KHz, 16 bit, 10 Qlty) - Bytes/Sec 5520
20111030 23:29:08 SilentLobby       = 0
20111030 23:29:08 AutoKick          = 0
20111030 23:29:08 MaxClients        = 8
20111030 23:29:08 
20111030 23:29:08 
20111030 23:29:08 READY:
20111030 23:29:15 MSG_CONN: ID 1, IP 192.168.2.1, Accepted. (8192,131072) (8192,131072)
20111030 23:29:27 MSG_CONN: ID 2, IP 121.88.107.94, Accepted. (8192,131072) (8192,131072)
20111030 23:29:29 MSG_CONN: ID 3, IP 125.177.195.83, Accepted. (8192,131072) (8192,131072)
20111030 23:29:31 MSG_CONN: ID 4, IP 121.175.170.27, Accepted. (8192,131072) (8192,131072)
20111030 23:30:37 MSG_CONN: ID 5, IP 180.92.112.160, Accepted. (8192,131072) (8192,131072)
20111031 00:05:33 MSG_CONN: ID 6, IP 175.119.146.72, Accepted. (8192,131072) (8192,131072)
20111031 01:26:30 CHANNEL: Deleteing [1∆¿].
20111031 01:26:32 CHANNEL: Deleteing [2∆¿].
20111031 02:53:55 MSG_DISC: ID 5, From=6815736, To=33396985, Sec=12198, Name=¿±ªÛ√∂
20111031 02:53:58 MSG_CONN: ID 11, IP 180.92.112.160, Accepted. (8192,131072) (8192,131072)
20111031 02:53:58 NET: ID 11, Disconnect, 10054.
20111031 02:53:58 MSG_ABORT: ID 11, 180.92.112.160 aborted.
20111031 02:54:01 MSG_CONN: ID 12, IP 180.92.112.160, Accepted. (8192,131072) (8192,131072)
20111031 02:54:01 NET: ID 12, Disconnect, 10054.
20111031 02:54:01 MSG_ABORT: ID 12, 180.92.112.160 aborted.
20111031 02:54:22 MSG_DISC: ID 4, From=4213480, To=40341078, Sec=12291, Name=Junho
20111031 02:54:24 MSG_CONN: ID 13, IP 180.92.112.160, Accepted. (8192,131072) (8192,131072)
20111031 02:54:24 NET: ID 13, Disconnect, 10054.
20111031 02:54:24 MSG_ABORT: ID 13, 180.92.112.160 aborted.
20111031 02:54:25 MSG_CONN: ID 14, IP 121.175.170.27, Accepted. (8192,131072) (8192,131072)
20111031 02:54:25 NET: ID 14, Disconnect, 10054.
20111031 02:54:25 MSG_ABORT: ID 14, 121.175.170.27 aborted.
20111031 02:55:30 MSG_CONN: ID 15, IP 121.175.170.27, Accepted. (8192,131072) (8192,131072)
20111031 02:55:30 NET: ID 15, Disconnect, 10054.
20111031 02:55:30 MSG_ABORT: ID 15, 121.175.170.27 aborted.
20111031 02:55:32 MSG_CONN: ID 16, IP 180.92.112.160, Accepted. (8192,131072) (8192,131072)
20111031 02:55:32 NET: ID 16, Disconnect, 10054.
20111031 02:55:32 MSG_ABORT: ID 16, 180.92.112.160 aborted.
20111031 02:59:38 MSG_CONN: ID 17, IP 180.92.112.160, Accepted. (8192,131072) (8192,131072)
20111031 03:04:04 MSG_CONN: ID 18, IP 121.175.170.27, Accepted. (8192,131072) (8192,131072)
20111031 03:27:41 NET: ID 2, Disconnect, 10054.
20111031 03:27:41 MSG_DISC: ID 2, From=18842524, To=34512165, Sec=14294, Name=Bang
20111031 03:27:47 NET: ID 18, Disconnect, 10054.
20111031 03:27:47 MSG_DISC: ID 18, From=146378, To=1632427, Sec=1423, Name=Junho
20111031 03:29:08 CHANNEL: Deleteing [1∆¿].
20111031 03:29:12 CHANNEL: Deleteing [2∆¿].
20111031 04:36:23 NET: ID 17, Disconnect, 10054.
20111031 04:36:23 MSG_DISC: ID 17, From=1912022, To=11003836, Sec=5805, Name=¿±ªÛ√∂
20111031 04:37:04 MSG_CONN: ID 19, IP 180.92.112.160, Accepted. (8192,131072) (8192,131072)
20111031 04:37:40 MSG_DISC: ID 6, From=18258074, To=42355859, Sec=16327, Name=dAcapo
20111031 04:41:30 NET: ID 19, Disconnect, 10054.
20111031 04:41:30 MSG_DISC: ID 19, From=22668, To=52997, Sec=266, Name=¿±ªÛ√∂
20111031 04:44:34 NET: ID 3, Disconnect, 10054.
20111031 04:44:34 MSG_DISC: ID 3, From=22090560, To=39668494, Sec=18905, Name=kt
20111031 04:44:37 NET: ID 1, Disconnect, 10054.
20111031 04:44:37 MSG_DISC: ID 1, From=16131572, To=38249543, Sec=18922, Name=AmiE
20111031 04:44:38 END: Shutting down the server.
20111031 04:44:38 END: Shutdown complete. Uptime was 0 05:15:30.
20111031 16:47:06 Version           = 3.0.3
20111031 16:47:06 Name              = #uFo
20111031 16:47:06 Phonetic          = #uFo
20111031 16:47:06 Auth              = 0
20111031 16:47:06 Duplicates        = 1
20111031 16:47:06 SendBuffer        = 131072
20111031 16:47:06 RecvBuffer        = 131072
20111031 16:47:06 LogonTimeout      = 5
20111031 16:47:06 CloseStd          = 1
20111031 16:47:06 TimeStamp         = 0
20111031 16:47:06 PingRate          = 10
20111031 16:47:06 ExtraBuffer       = 131072
20111031 16:47:06 ChanWidth         = 0
20111031 16:47:06 ChanDepth         = 8
20111031 16:47:06 ChanClients       = 0
20111031 16:47:06 DisableQuit       = 0
20111031 16:47:06 VoiceCodec        = 3 (Speex)
20111031 16:47:06 VoiceFormat       = 32 (32 KHz, 16 bit, 10 Qlty) - Bytes/Sec 5520
20111031 16:47:06 SilentLobby       = 0
20111031 16:47:06 AutoKick          = 0
20111031 16:47:06 MaxClients        = 8
20111031 16:47:06 
20111031 16:47:06 
20111031 16:47:06 READY:
20111031 16:47:13 MSG_CONN: ID 1, IP 192.168.2.1, Accepted. (8192,131072) (8192,131072)
20111031 16:47:22 MSG_CONN: ID 2, IP 125.177.195.83, Accepted. (8192,131072) (8192,131072)
20111031 16:47:26 MSG_CONN: ID 3, IP 121.88.107.94, Accepted. (8192,131072) (8192,131072)
20111031 16:48:15 MSG_CONN: ID 4, IP 121.175.170.27, Accepted. (8192,131072) (8192,131072)
20111031 16:48:38 MSG_CONN: ID 5, IP 180.92.112.160, Accepted. (8192,131072) (8192,131072)
20111031 18:21:52 NET: ID 4, Disconnect, 10054.
20111031 18:21:52 MSG_DISC: ID 4, From=2359722, To=15524193, Sec=5617, Name=Junho
20111031 18:53:56 MSG_CONN: ID 6, IP 121.175.170.27, Accepted. (8192,131072) (8192,131072)
20111031 21:00:57 NET: ID 5, Disconnect, 10054.
20111031 21:00:57 MSG_DISC: ID 5, From=4838956, To=29187071, Sec=15139, Name=¿±ªÛ√∂
20111031 21:03:38 MSG_CONN: ID 7, IP 180.92.112.160, Accepted. (8192,131072) (8192,131072)
20111031 21:52:25 NET: ID 3, Disconnect, 10054.
20111031 21:52:25 MSG_DISC: ID 3, From=4211332, To=37203025, Sec=18299, Name=Bang
20111031 21:52:31 NET: ID 6, Disconnect, 10054.
20111031 21:52:31 MSG_DISC: ID 6, From=1537950, To=21916132, Sec=10715, Name=Junho
20111031 21:52:35 NET: ID 7, Disconnect, 10054.
20111031 21:52:35 MSG_DISC: ID 7, From=965134, To=6280525, Sec=2937, Name=¿±ªÛ√∂
20111031 21:53:28 NET: ID 2, Disconnect, 10054.
20111031 21:53:28 MSG_DISC: ID 2, From=15269928, To=26629307, Sec=18366, Name=kt
20111031 21:55:52 END: Shutting down the server.
20111031 21:55:52 END: Shutdown complete. Uptime was 0 05:08:46.
20111101 17:42:17 Version           = 3.0.3
20111101 17:42:17 Name              = #uFo
20111101 17:42:17 Phonetic          = #uFo
20111101 17:42:17 Auth              = 0
20111101 17:42:17 Duplicates        = 1
20111101 17:42:17 SendBuffer        = 131072
20111101 17:42:17 RecvBuffer        = 131072
20111101 17:42:17 LogonTimeout      = 5
20111101 17:42:17 CloseStd          = 1
20111101 17:42:17 TimeStamp         = 0
20111101 17:42:17 PingRate          = 10
20111101 17:42:17 ExtraBuffer       = 131072
20111101 17:42:17 ChanWidth         = 0
20111101 17:42:17 ChanDepth         = 8
20111101 17:42:17 ChanClients       = 0
20111101 17:42:17 DisableQuit       = 0
20111101 17:42:17 VoiceCodec        = 3 (Speex)
20111101 17:42:17 VoiceFormat       = 32 (32 KHz, 16 bit, 10 Qlty) - Bytes/Sec 5520
20111101 17:42:17 SilentLobby       = 0
20111101 17:42:17 AutoKick          = 0
20111101 17:42:17 MaxClients        = 8
20111101 17:42:17 
20111101 17:42:17 
20111101 17:42:17 READY:
20111101 17:53:14 MSG_CONN: ID 1, IP 125.177.195.83, Accepted. (8192,131072) (8192,131072)
20111101 17:53:18 MSG_CONN: ID 2, IP 175.119.146.162, Accepted. (8192,131072) (8192,131072)
20111101 17:55:15 MSG_CONN: ID 3, IP 192.168.2.1, Accepted. (8192,131072) (8192,131072)
20111101 17:56:55 MSG_CONN: ID 4, IP 110.12.87.159, Accepted. (8192,131072) (8192,131072)
20111101 18:08:04 MSG_CONN: ID 5, IP 115.92.221.177, Accepted. (8192,131072) (8192,131072)
20111101 19:41:32 NET: ID 5, Disconnect, 10054.
20111101 19:41:32 MSG_DISC: ID 5, From=8391630, To=16109273, Sec=5608, Name=asdasd
20111101 19:41:35 NET: ID 4, Disconnect, 10054.
20111101 19:41:35 MSG_DISC: ID 4, From=4229532, To=21335503, Sec=6280, Name=klaus
20111101 20:16:04 MSG_CONN: ID 6, IP 180.92.112.160, Accepted. (8192,131072) (8192,131072)
20111101 20:53:40 MSG_CONN: ID 7, IP 175.126.140.9, Accepted. (8192,131072) (8192,131072)
20111101 21:42:23 NET: ID 7, Disconnect, 10054.
20111101 21:42:23 MSG_DISC: ID 7, From=1270872, To=6813197, Sec=2923, Name=Lucy`
20111101 21:46:22 MSG_CONN: ID 8, IP 221.140.251.138, Accepted. (8192,131072) (8192,131072)
20111101 21:47:48 NET: ID 2, Disconnect, 10054.
20111101 21:47:48 MSG_DISC: ID 2, From=6036832, To=32365358, Sec=14070, Name=dAcapo
20111101 21:51:12 MSG_CONN: ID 9, IP 175.119.146.162, Accepted. (8192,131072) (8192,131072)
20111101 23:09:43 NET: ID 8, Disconnect, 10054.
20111101 23:09:43 MSG_DISC: ID 8, From=1213580, To=17991852, Sec=5001, Name=kth
20111101 23:12:05 NET: ID 3, Disconnect, 10054.
20111101 23:12:05 MSG_DISC: ID 3, From=15262502, To=42526012, Sec=19010, Name=AmiE
20111101 23:16:44 MSG_CONN: ID 10, IP 121.88.107.94, Accepted. (8192,131072) (8192,131072)
20111101 23:23:14 MSG_CONN: ID 11, IP 221.140.251.138, Accepted. (8192,131072) (8192,131072)
20111101 23:23:43 NET: ID 10, Disconnect, 10054.
20111101 23:23:43 MSG_DISC: ID 10, From=1684, To=292406, Sec=419, Name=Bang
20111101 23:23:44 MSG_CONN: ID 12, IP 121.88.107.94, Accepted. (8192,131072) (8192,131072)
20111102 00:03:43 MSG_CONN: ID 13, IP 192.168.2.1, Accepted. (8192,131072) (8192,131072)
20111102 00:11:17 NET: ID 11, Disconnect, 10054.
20111102 00:11:17 MSG_DISC: ID 11, From=690956, To=7215869, Sec=2883, Name=kth
20111102 04:09:00 NET: ID 1, Disconnect, 10054.
20111102 04:09:00 MSG_DISC: ID 1, From=29050842, To=84522196, Sec=36946, Name=kt
20111102 04:09:15 MSG_DISC: ID 6, From=14415978, To=71820573, Sec=28391, Name=¿±ªÛ√∂
20111102 04:10:21 NET: ID 9, Disconnect, 10054.
20111102 04:10:21 MSG_DISC: ID 9, From=14666864, To=60292694, Sec=22749, Name=dAcapo
20111102 04:10:29 NET: ID 12, Disconnect, 10054.
20111102 04:10:29 MSG_DISC: ID 12, From=18375280, To=37469016, Sec=17205, Name=Bang
20111102 04:18:11 END: Shutting down the server.
20111102 04:18:11 END: Shutdown complete. Uptime was 0 10:35:54.
20111103 02:01:22 Version           = 3.0.3
20111103 02:01:22 Name              = #uFo
20111103 02:01:22 Phonetic          = #uFo
20111103 02:01:22 Auth              = 0
20111103 02:01:22 Duplicates        = 1
20111103 02:01:22 SendBuffer        = 131072
20111103 02:01:22 RecvBuffer        = 131072
20111103 02:01:22 LogonTimeout      = 5
20111103 02:01:22 CloseStd          = 1
20111103 02:01:22 TimeStamp         = 0
20111103 02:01:22 PingRate          = 10
20111103 02:01:22 ExtraBuffer       = 131072
20111103 02:01:22 ChanWidth         = 0
20111103 02:01:22 ChanDepth         = 8
20111103 02:01:22 ChanClients       = 0
20111103 02:01:22 DisableQuit       = 0
20111103 02:01:22 VoiceCodec        = 3 (Speex)
20111103 02:01:22 VoiceFormat       = 32 (32 KHz, 16 bit, 10 Qlty) - Bytes/Sec 5520
20111103 02:01:22 SilentLobby       = 0
20111103 02:01:22 AutoKick          = 0
20111103 02:01:22 MaxClients        = 8
20111103 02:01:22 
20111103 02:01:22 
20111103 02:01:22 READY:
20111103 03:34:32 END: Shutting down the server.
20111103 03:34:32 END: Shutdown complete. Uptime was 0 01:33:10.
20120131 05:52:08 Version           = 3.0.3
20120131 05:52:08 Name              = #uFo
20120131 05:52:08 Phonetic          = #uFo
20120131 05:52:08 Auth              = 0
20120131 05:52:08 Duplicates        = 1
20120131 05:52:08 SendBuffer        = 131072
20120131 05:52:08 RecvBuffer        = 131072
20120131 05:52:08 LogonTimeout      = 5
20120131 05:52:08 CloseStd          = 1
20120131 05:52:08 TimeStamp         = 0
20120131 05:52:08 PingRate          = 10
20120131 05:52:08 ExtraBuffer       = 131072
20120131 05:52:08 ChanWidth         = 0
20120131 05:52:08 ChanDepth         = 8
20120131 05:52:08 ChanClients       = 0
20120131 05:52:08 DisableQuit       = 0
20120131 05:52:08 VoiceCodec        = 3 (Speex)
20120131 05:52:08 VoiceFormat       = 32 (32 KHz, 16 bit, 10 Qlty) - Bytes/Sec 5520
20120131 05:52:08 SilentLobby       = 0
20120131 05:52:08 AutoKick          = 0
20120131 05:52:08 MaxClients        = 8
20120131 05:52:08 
20120131 05:52:08 
20120131 05:52:08 READY:
20120131 05:52:20 MSG_CONN: ID 1, IP 192.168.2.1, Accepted. (8192,131072) (8192,131072)
20120131 05:53:28 MSG_CONN: ID 2, IP 180.226.20.10, Accepted. (8192,131072) (8192,131072)
20120131 05:53:29 MSG_CONN: ID 3, IP 222.109.24.187, Accepted. (8192,131072) (8192,131072)
20120131 05:54:26 MSG_CONN: ID 4, IP 211.244.51.3, Accepted. (8192,131072) (8192,131072)
20120131 05:54:53 MSG_CONN: ID 5, IP 121.148.113.97, Accepted. (8192,131072) (8192,131072)
20120131 06:45:49 NET: ID 2, Disconnect, 10054.
20120131 06:45:49 MSG_DISC: ID 2, From=753778, To=6100225, Sec=3141, Name=LeeJY
20120131 07:27:56 NET: ID 3, Disconnect, 10054.
20120131 07:27:56 MSG_DISC: ID 3, From=3093418, To=7543897, Sec=5667, Name=mal
20120131 07:28:03 NET: ID 5, Disconnect, 10054.
20120131 07:28:03 MSG_DISC: ID 5, From=1554396, To=8964206, Sec=5590, Name=evil
20120131 07:28:08 NET: ID 4, Disconnect, 10054.
20120131 07:28:08 MSG_DISC: ID 4, From=1471050, To=8998879, Sec=5622, Name=isshoman
20120131 07:30:54 MSG_CONN: ID 6, IP 211.244.51.3, Accepted. (8192,131072) (8192,131072)
20120131 07:31:10 MSG_CONN: ID 7, IP 121.148.113.97, Accepted. (8192,131072) (8192,131072)
20120131 07:31:17 MSG_CONN: ID 8, IP 218.233.191.59, Accepted. (8192,131072) (8192,131072)
20120131 07:34:59 MSG_CONN: ID 9, IP 210.120.125.121, Accepted. (8192,131072) (8192,131072)
20120131 08:15:00 NET: ID 9, Disconnect, 10054.
20120131 08:15:00 MSG_DISC: ID 9, From=2346742, To=5344396, Sec=2401, Name=james
20120131 08:28:50 NET: ID 7, Disconnect, 10054.
20120131 08:28:50 MSG_DISC: ID 7, From=644814, To=6875978, Sec=3460, Name=evil
20120131 08:28:53 NET: ID 1, Disconnect, 10054.
20120131 08:28:53 MSG_DISC: ID 1, From=7453752, To=10714543, Sec=9393, Name=AmiE
20120131 09:46:32 NET: ID 8, Disconnect, 10054.
20120131 09:46:32 MSG_DISC: ID 8, From=1161082, To=6351395, Sec=8115, Name=ssuny
20120201 00:06:35 Version           = 3.0.3
20120201 00:06:35 Name              = #uFo
20120201 00:06:35 Phonetic          = #uFo
20120201 00:06:35 Auth              = 0
20120201 00:06:35 Duplicates        = 1
20120201 00:06:35 SendBuffer        = 131072
20120201 00:06:35 RecvBuffer        = 131072
20120201 00:06:35 LogonTimeout      = 5
20120201 00:06:35 CloseStd          = 1
20120201 00:06:35 TimeStamp         = 0
20120201 00:06:35 PingRate          = 10
20120201 00:06:35 ExtraBuffer       = 131072
20120201 00:06:35 ChanWidth         = 0
20120201 00:06:35 ChanDepth         = 8
20120201 00:06:35 ChanClients       = 0
20120201 00:06:35 DisableQuit       = 0
20120201 00:06:35 VoiceCodec        = 3 (Speex)
20120201 00:06:35 VoiceFormat       = 32 (32 KHz, 16 bit, 10 Qlty) - Bytes/Sec 5520
20120201 00:06:35 SilentLobby       = 0
20120201 00:06:35 AutoKick          = 0
20120201 00:06:35 MaxClients        = 8
20120201 00:06:35 
20120201 00:06:35 
20120201 00:06:35 READY:
20120201 00:07:18 MSG_CONN: ID 1, IP 115.20.184.112, Accepted. (8192,131072) (8192,131072)
20120201 00:07:21 MSG_CONN: ID 2, IP 124.28.130.10, Accepted. (8192,131072) (8192,131072)
20120201 00:08:49 MSG_CONN: ID 3, IP 116.120.175.169, Accepted. (8192,131072) (8192,131072)
20120201 00:10:03 MSG_CONN: ID 4, IP 121.133.46.186, Accepted. (8192,131072) (8192,131072)
20120201 00:10:45 MSG_CONN: ID 5, IP 175.113.178.103, Accepted. (8192,131072) (8192,131072)
20120201 00:12:54 NET: ID 1, Disconnect, 10054.
20120201 00:12:54 MSG_DISC: ID 1, From=41174, To=252619, Sec=336, Name=sadasdd
20120201 00:12:58 MSG_CONN: ID 6, IP 115.20.184.112, Accepted. (8192,131072) (8192,131072)
20120201 00:33:48 NET: ID 5, Disconnect, 10054.
20120201 00:33:48 MSG_DISC: ID 5, From=4358, To=3324446, Sec=1383, Name=feelsama
20120201 00:33:56 NET: ID 6, Disconnect, 10054.
20120201 00:33:56 MSG_DISC: ID 6, From=803384, To=2369929, Sec=1258, Name=sadasdd
20120201 00:33:59 NET: ID 2, Disconnect, 10054.
20120201 00:33:59 MSG_DISC: ID 2, From=889764, To=2595327, Sec=1598, Name=eMinsung
20120201 00:34:10 NET: ID 4, Disconnect, 10054.
20120201 00:34:10 MSG_DISC: ID 4, From=942978, To=2505259, Sec=1447, Name=rwq
20120201 00:42:27 NET: ID 3, Disconnect, 10054.
20120201 00:42:27 MSG_DISC: ID 3, From=1016468, To=2427736, Sec=2018, Name=gh
20120201 01:43:38 Version           = 3.0.3
20120201 01:43:38 Name              = #uFo
20120201 01:43:38 Phonetic          = #uFo
20120201 01:43:38 Auth              = 0
20120201 01:43:38 Duplicates        = 1
20120201 01:43:38 SendBuffer        = 131072
20120201 01:43:38 RecvBuffer        = 131072
20120201 01:43:38 LogonTimeout      = 5
20120201 01:43:38 CloseStd          = 1
20120201 01:43:38 TimeStamp         = 0
20120201 01:43:38 PingRate          = 10
20120201 01:43:38 ExtraBuffer       = 131072
20120201 01:43:38 ChanWidth         = 0
20120201 01:43:38 ChanDepth         = 8
20120201 01:43:38 ChanClients       = 0
20120201 01:43:38 DisableQuit       = 0
20120201 01:43:38 VoiceCodec        = 3 (Speex)
20120201 01:43:38 VoiceFormat       = 32 (32 KHz, 16 bit, 10 Qlty) - Bytes/Sec 5520
20120201 01:43:38 SilentLobby       = 0
20120201 01:43:38 AutoKick          = 0
20120201 01:43:38 MaxClients        = 8
20120201 01:43:38 
20120201 01:43:38 
20120201 01:43:38 READY:
20120201 01:43:47 MSG_CONN: ID 1, IP 192.168.2.1, Accepted. (8192,131072) (8192,131072)
20120202 13:49:32 Version           = 3.0.3
20120202 13:49:32 Name              = #uFo
20120202 13:49:32 Phonetic          = #uFo
20120202 13:49:32 Auth              = 0
20120202 13:49:32 Duplicates        = 1
20120202 13:49:32 SendBuffer        = 131072
20120202 13:49:32 RecvBuffer        = 131072
20120202 13:49:32 LogonTimeout      = 5
20120202 13:49:32 CloseStd          = 1
20120202 13:49:32 TimeStamp         = 0
20120202 13:49:32 PingRate          = 10
20120202 13:49:32 ExtraBuffer       = 131072
20120202 13:49:32 ChanWidth         = 0
20120202 13:49:32 ChanDepth         = 8
20120202 13:49:32 ChanClients       = 0
20120202 13:49:32 DisableQuit       = 0
20120202 13:49:32 VoiceCodec        = 3 (Speex)
20120202 13:49:32 VoiceFormat       = 32 (32 KHz, 16 bit, 10 Qlty) - Bytes/Sec 5520
20120202 13:49:32 SilentLobby       = 0
20120202 13:49:32 AutoKick          = 0
20120202 13:49:32 MaxClients        = 8
20120202 13:49:32 
20120202 13:49:32 
20120202 13:49:32 READY:
20120202 13:49:46 MSG_CONN: ID 1, IP 192.168.2.1, Accepted. (8192,131072) (8192,131072)
20120202 13:49:47 MSG_CONN: ID 2, IP 211.196.179.6, Accepted. (8192,131072) (8192,131072)
20120202 13:50:08 MSG_CONN: ID 3, IP 175.213.28.153, Accepted. (8192,131072) (8192,131072)
20120202 13:50:20 MSG_CONN: ID 4, IP 124.153.242.163, Accepted. (8192,131072) (8192,131072)
20120202 13:52:46 NET: ID 3, Disconnect, 10054.
20120202 13:52:46 MSG_DISC: ID 3, From=5378, To=570818, Sec=158, Name=πŒ∆Ûø’
20120202 13:53:29 MSG_CONN: ID 5, IP 175.213.28.153, Accepted. (8192,131072) (8192,131072)
20120202 13:55:26 NET: ID 5, Disconnect, 10054.
20120202 13:55:26 MSG_DISC: ID 5, From=35564, To=207566, Sec=117, Name=πŒ∆Ûø’
20120202 13:56:15 MSG_CONN: ID 6, IP 58.224.93.216, Accepted. (8192,131072) (8192,131072)
20120202 13:58:49 MSG_CONN: ID 7, IP 175.213.28.153, Accepted. (8192,131072) (8192,131072)
20120202 14:00:32 NET: ID 7, Disconnect, 10054.
20120202 14:00:32 MSG_DISC: ID 7, From=13370, To=204764, Sec=103, Name=πŒ∆Ûø’
20120202 14:00:48 MSG_CONN: ID 8, IP 175.213.28.153, Accepted. (8192,131072) (8192,131072)
20120202 14:32:47 NET: ID 8, Disconnect, 10054.
20120202 14:32:47 MSG_DISC: ID 8, From=1166002, To=8813044, Sec=1919, Name=πŒ∆Ûø’
20120202 14:34:29 NET: ID 2, Disconnect, 10054.
20120202 14:34:29 MSG_DISC: ID 2, From=664978, To=10895065, Sec=2682, Name=goodRifle
20120202 14:35:15 NET: ID 6, Disconnect, 10054.
20120202 14:35:15 MSG_DISC: ID 6, From=1660520, To=9070049, Sec=2340, Name=friis
20120202 14:36:43 MSG_CONN: ID 9, IP 59.23.247.227, Accepted. (8192,131072) (8192,131072)
20120202 14:37:16 MSG_CONN: ID 10, IP 121.181.201.68, Accepted. (8192,131072) (8192,131072)
20120202 14:38:53 MSG_CONN: ID 11, IP 58.224.93.216, Accepted. (8192,131072) (8192,131072)
20120202 15:41:27 NET: ID 11, Disconnect, 10054.
20120202 15:41:27 MSG_DISC: ID 11, From=3827698, To=15194111, Sec=3754, Name=friis
20120202 15:41:31 NET: ID 10, Disconnect, 10054.
20120202 15:41:31 MSG_DISC: ID 10, From=1165876, To=17907334, Sec=3855, Name=mk*]
20120203 17:54:27 Version           = 3.0.3
20120203 17:54:27 Name              = #uFo
20120203 17:54:27 Phonetic          = #uFo
20120203 17:54:27 Auth              = 0
20120203 17:54:27 Duplicates        = 1
20120203 17:54:27 SendBuffer        = 131072
20120203 17:54:27 RecvBuffer        = 131072
20120203 17:54:27 LogonTimeout      = 5
20120203 17:54:27 CloseStd          = 1
20120203 17:54:27 TimeStamp         = 0
20120203 17:54:27 PingRate          = 10
20120203 17:54:27 ExtraBuffer       = 131072
20120203 17:54:27 ChanWidth         = 0
20120203 17:54:27 ChanDepth         = 8
20120203 17:54:27 ChanClients       = 0
20120203 17:54:27 DisableQuit       = 0
20120203 17:54:27 VoiceCodec        = 3 (Speex)
20120203 17:54:27 VoiceFormat       = 32 (32 KHz, 16 bit, 10 Qlty) - Bytes/Sec 5520
20120203 17:54:27 SilentLobby       = 0
20120203 17:54:27 AutoKick          = 0
20120203 17:54:27 MaxClients        = 8
20120203 17:54:27 
20120203 17:54:27 
20120203 17:54:27 READY:
20120203 17:55:40 MSG_CONN: ID 1, IP 59.23.247.227, Accepted. (8192,131072) (8192,131072)
20120203 17:59:50 NET: ID 1, Disconnect, 10054.
20120203 17:59:50 MSG_DISC: ID 1, From=1236, To=1081, Sec=250, Name=nj
20120203 18:09:30 MSG_CONN: ID 2, IP 124.153.242.163, Accepted. (8192,131072) (8192,131072)
20120203 18:10:04 MSG_CONN: ID 3, IP 59.23.247.227, Accepted. (8192,131072) (8192,131072)
20120203 18:10:31 MSG_CONN: ID 4, IP 218.234.73.253, Accepted. (8192,131072) (8192,131072)
20120203 18:10:35 MSG_CONN: ID 5, IP 192.168.2.1, Accepted. (8192,131072) (8192,131072)
20120203 18:13:00 MSG_CONN: ID 6, IP 14.48.216.194, Accepted. (8192,131072) (8192,131072)
20120203 18:20:52 NET: ID 6, Disconnect, 10054.
20120203 18:20:52 MSG_DISC: ID 6, From=451582, To=493923, Sec=472, Name=asd
20120203 18:29:45 MSG_CONN: ID 7, IP 175.197.31.166, Accepted. (8192,131072) (8192,131072)
20120203 19:01:53 NET: ID 3, Disconnect, 10054.
20120203 19:01:53 MSG_DISC: ID 3, From=917298, To=5723991, Sec=3109, Name=nj
20120203 19:02:25 NET: ID 4, Disconnect, 10054.
20120203 19:02:25 MSG_DISC: ID 4, From=283328, To=6295638, Sec=3114, Name=hex
20120203 19:02:42 NET: ID 2, Disconnect, 10054.
20120203 19:02:42 MSG_DISC: ID 2, From=2695734, To=4046302, Sec=3192, Name=leejonggeuN
20120203 19:02:45 NET: ID 7, Disconnect, 10054.
20120203 19:02:45 MSG_DISC: ID 7, From=829224, To=4558552, Sec=1980, Name=bart
20120204 01:39:16 Version           = 3.0.3
20120204 01:39:16 Name              = #uFo
20120204 01:39:16 Phonetic          = #uFo
20120204 01:39:16 Auth              = 0
20120204 01:39:16 Duplicates        = 1
20120204 01:39:16 SendBuffer        = 131072
20120204 01:39:16 RecvBuffer        = 131072
20120204 01:39:16 LogonTimeout      = 5
20120204 01:39:16 CloseStd          = 1
20120204 01:39:16 TimeStamp         = 0
20120204 01:39:16 PingRate          = 10
20120204 01:39:16 ExtraBuffer       = 131072
20120204 01:39:16 ChanWidth         = 0
20120204 01:39:16 ChanDepth         = 8
20120204 01:39:16 ChanClients       = 0
20120204 01:39:16 DisableQuit       = 0
20120204 01:39:16 VoiceCodec        = 3 (Speex)
20120204 01:39:16 VoiceFormat       = 32 (32 KHz, 16 bit, 10 Qlty) - Bytes/Sec 5520
20120204 01:39:16 SilentLobby       = 0
20120204 01:39:16 AutoKick          = 0
20120204 01:39:16 MaxClients        = 8
20120204 01:39:16 
20120204 01:39:16 
20120204 01:39:16 READY:
20120204 01:39:19 MSG_CONN: ID 1, IP 192.168.2.1, Accepted. (8192,131072) (8192,131072)
20120204 01:39:21 MSG_CONN: ID 2, IP 210.182.105.132, Accepted. (8192,131072) (8192,131072)
20120204 03:17:44 NET: ID 2, Disconnect, 10054.
20120204 03:17:44 MSG_DISC: ID 2, From=50236, To=99737, Sec=5903, Name=ssaas
20120204 03:17:47 NET: ID 1, Disconnect, 10054.
20120204 03:17:47 MSG_DISC: ID 1, From=146474, To=34480, Sec=5908, Name=AmiE
20120206 20:09:21 Version           = 3.0.3
20120206 20:09:21 Name              = #uFo
20120206 20:09:21 Phonetic          = #uFo
20120206 20:09:21 Auth              = 0
20120206 20:09:21 Duplicates        = 1
20120206 20:09:21 SendBuffer        = 131072
20120206 20:09:21 RecvBuffer        = 131072
20120206 20:09:21 LogonTimeout      = 5
20120206 20:09:21 CloseStd          = 1
20120206 20:09:21 TimeStamp         = 0
20120206 20:09:21 PingRate          = 10
20120206 20:09:21 ExtraBuffer       = 131072
20120206 20:09:21 ChanWidth         = 0
20120206 20:09:21 ChanDepth         = 8
20120206 20:09:21 ChanClients       = 0
20120206 20:09:21 DisableQuit       = 0
20120206 20:09:21 VoiceCodec        = 3 (Speex)
20120206 20:09:21 VoiceFormat       = 32 (32 KHz, 16 bit, 10 Qlty) - Bytes/Sec 5520
20120206 20:09:21 SilentLobby       = 0
20120206 20:09:21 AutoKick          = 0
20120206 20:09:21 MaxClients        = 8
20120206 20:09:21 
20120206 20:09:21 
20120206 20:09:21 READY:
20120206 20:09:28 Version           = 3.0.3
20120206 20:09:28 Name              = #uFo
20120206 20:09:28 Phonetic          = #uFo
20120206 20:09:28 Auth              = 0
20120206 20:09:28 Duplicates        = 1
20120206 20:09:28 SendBuffer        = 131072
20120206 20:09:28 RecvBuffer        = 131072
20120206 20:09:28 LogonTimeout      = 5
20120206 20:09:28 CloseStd          = 1
20120206 20:09:28 TimeStamp         = 0
20120206 20:09:28 PingRate          = 10
20120206 20:09:28 ExtraBuffer       = 131072
20120206 20:09:28 ChanWidth         = 0
20120206 20:09:28 ChanDepth         = 8
20120206 20:09:28 ChanClients       = 0
20120206 20:09:28 DisableQuit       = 0
20120206 20:09:28 VoiceCodec        = 3 (Speex)
20120206 20:09:28 VoiceFormat       = 32 (32 KHz, 16 bit, 10 Qlty) - Bytes/Sec 5520
20120206 20:09:28 SilentLobby       = 0
20120206 20:09:28 AutoKick          = 0
20120206 20:09:28 MaxClients        = 8
20120206 20:09:28 
20120206 20:09:28 
20120206 20:09:28 READY:
20120214 21:27:53 Version           = 3.0.3
20120214 21:27:53 Name              = #uFo
20120214 21:27:53 Phonetic          = #uFo
20120214 21:27:53 Auth              = 0
20120214 21:27:53 Duplicates        = 1
20120214 21:27:53 SendBuffer        = 131072
20120214 21:27:53 RecvBuffer        = 131072
20120214 21:27:53 LogonTimeout      = 5
20120214 21:27:53 CloseStd          = 1
20120214 21:27:53 TimeStamp         = 0
20120214 21:27:53 PingRate          = 10
20120214 21:27:53 ExtraBuffer       = 131072
20120214 21:27:53 ChanWidth         = 0
20120214 21:27:53 ChanDepth         = 8
20120214 21:27:53 ChanClients       = 0
20120214 21:27:53 DisableQuit       = 0
20120214 21:27:53 VoiceCodec        = 3 (Speex)
20120214 21:27:53 VoiceFormat       = 32 (32 KHz, 16 bit, 10 Qlty) - Bytes/Sec 5520
20120214 21:27:53 SilentLobby       = 0
20120214 21:27:53 AutoKick          = 0
20120214 21:27:53 MaxClients        = 8
20120214 21:27:53 
20120214 21:27:53 
20120214 21:27:53 READY:
20120214 21:28:17 MSG_CONN: ID 1, IP 192.168.2.1, Accepted. (8192,131072) (8192,131072)
20120214 21:28:34 Version           = 3.0.3
20120214 21:28:34 Name              = #uFo
20120214 21:28:34 Phonetic          = #uFo
20120214 21:28:34 Auth              = 0
20120214 21:28:34 Duplicates        = 1
20120214 21:28:34 SendBuffer        = 131072
20120214 21:28:34 RecvBuffer        = 131072
20120214 21:28:34 LogonTimeout      = 5
20120214 21:28:34 CloseStd          = 1
20120214 21:28:34 TimeStamp         = 0
20120214 21:28:34 PingRate          = 10
20120214 21:28:34 ExtraBuffer       = 131072
20120214 21:28:34 ChanWidth         = 0
20120214 21:28:34 ChanDepth         = 8
20120214 21:28:34 ChanClients       = 0
20120214 21:28:34 DisableQuit       = 0
20120214 21:28:34 VoiceCodec        = 3 (Speex)
20120214 21:28:34 VoiceFormat       = 32 (32 KHz, 16 bit, 10 Qlty) - Bytes/Sec 5520
20120214 21:28:34 SilentLobby       = 0
20120214 21:28:34 AutoKick          = 0
20120214 21:28:34 MaxClients        = 8
20120214 21:28:34 
20120214 21:28:34 
20120214 21:28:34 ERROR: Unable to bind to TCP socket.
20120214 21:28:53 Version           = 3.0.3
20120214 21:28:53 Name              = #uFo
20120214 21:28:53 Phonetic          = #uFo
20120214 21:28:53 Auth              = 0
20120214 21:28:53 Duplicates        = 1
20120214 21:28:53 SendBuffer        = 131072
20120214 21:28:53 RecvBuffer        = 131072
20120214 21:28:53 LogonTimeout      = 5
20120214 21:28:53 CloseStd          = 1
20120214 21:28:53 TimeStamp         = 0
20120214 21:28:53 PingRate          = 10
20120214 21:28:53 ExtraBuffer       = 131072
20120214 21:28:53 ChanWidth         = 0
20120214 21:28:53 ChanDepth         = 8
20120214 21:28:53 ChanClients       = 0
20120214 21:28:53 DisableQuit       = 0
20120214 21:28:53 VoiceCodec        = 3 (Speex)
20120214 21:28:53 VoiceFormat       = 32 (32 KHz, 16 bit, 10 Qlty) - Bytes/Sec 5520
20120214 21:28:53 SilentLobby       = 0
20120214 21:28:53 AutoKick          = 0
20120214 21:28:53 MaxClients        = 8
20120214 21:28:53 
20120214 21:28:53 
20120214 21:28:53 ERROR: Unable to bind to TCP socket.
20120214 21:29:05 Version           = 3.0.3
20120214 21:29:05 Name              = #uFo
20120214 21:29:05 Phonetic          = #uFo
20120214 21:29:05 Auth              = 0
20120214 21:29:05 Duplicates        = 1
20120214 21:29:05 SendBuffer        = 131072
20120214 21:29:05 RecvBuffer        = 131072
20120214 21:29:05 LogonTimeout      = 5
20120214 21:29:05 CloseStd          = 1
20120214 21:29:05 TimeStamp         = 0
20120214 21:29:05 PingRate          = 10
20120214 21:29:05 ExtraBuffer       = 131072
20120214 21:29:05 ChanWidth         = 0
20120214 21:29:05 ChanDepth         = 8
20120214 21:29:05 ChanClients       = 0
20120214 21:29:05 DisableQuit       = 0
20120214 21:29:05 VoiceCodec        = 3 (Speex)
20120214 21:29:05 VoiceFormat       = 32 (32 KHz, 16 bit, 10 Qlty) - Bytes/Sec 5520
20120214 21:29:05 SilentLobby       = 0
20120214 21:29:05 AutoKick          = 0
20120214 21:29:05 MaxClients        = 8
20120214 21:29:05 
20120214 21:29:05 
20120214 21:29:05 ERROR: Unable to bind to TCP socket.
20120214 21:29:17 Version           = 3.0.3
20120214 21:29:17 Name              = #uFo
20120214 21:29:17 Phonetic          = #uFo
20120214 21:29:17 Auth              = 0
20120214 21:29:17 Duplicates        = 1
20120214 21:29:17 SendBuffer        = 131072
20120214 21:29:17 RecvBuffer        = 131072
20120214 21:29:17 LogonTimeout      = 5
20120214 21:29:17 CloseStd          = 1
20120214 21:29:17 TimeStamp         = 0
20120214 21:29:17 PingRate          = 10
20120214 21:29:17 ExtraBuffer       = 131072
20120214 21:29:17 ChanWidth         = 0
20120214 21:29:17 ChanDepth         = 8
20120214 21:29:17 ChanClients       = 0
20120214 21:29:17 DisableQuit       = 0
20120214 21:29:17 VoiceCodec        = 3 (Speex)
20120214 21:29:17 VoiceFormat       = 32 (32 KHz, 16 bit, 10 Qlty) - Bytes/Sec 5520
20120214 21:29:17 SilentLobby       = 0
20120214 21:29:17 AutoKick          = 0
20120214 21:29:17 MaxClients        = 8
20120214 21:29:17 
20120214 21:29:17 
20120214 21:29:17 ERROR: Unable to bind to TCP socket.
20120214 21:29:27 Version           = 3.0.3
20120214 21:29:27 Name              = #uFo
20120214 21:29:27 Phonetic          = #uFo
20120214 21:29:27 Auth              = 0
20120214 21:29:27 Duplicates        = 1
20120214 21:29:27 SendBuffer        = 131072
20120214 21:29:27 RecvBuffer        = 131072
20120214 21:29:27 LogonTimeout      = 5
20120214 21:29:27 CloseStd          = 1
20120214 21:29:27 TimeStamp         = 0
20120214 21:29:27 PingRate          = 10
20120214 21:29:27 ExtraBuffer       = 131072
20120214 21:29:27 ChanWidth         = 0
20120214 21:29:27 ChanDepth         = 8
20120214 21:29:27 ChanClients       = 0
20120214 21:29:27 DisableQuit       = 0
20120214 21:29:27 VoiceCodec        = 3 (Speex)
20120214 21:29:27 VoiceFormat       = 32 (32 KHz, 16 bit, 10 Qlty) - Bytes/Sec 5520
20120214 21:29:27 SilentLobby       = 0
20120214 21:29:27 AutoKick          = 0
20120214 21:29:27 MaxClients        = 8
20120214 21:29:27 
20120214 21:29:27 
20120214 21:29:27 ERROR: Unable to bind to TCP socket.
20120214 21:30:23 Version           = 3.0.3
20120214 21:30:23 Name              = #uFo
20120214 21:30:23 Phonetic          = #uFo
20120214 21:30:23 Auth              = 0
20120214 21:30:23 Duplicates        = 1
20120214 21:30:23 SendBuffer        = 131072
20120214 21:30:23 RecvBuffer        = 131072
20120214 21:30:23 LogonTimeout      = 5
20120214 21:30:23 CloseStd          = 1
20120214 21:30:23 TimeStamp         = 0
20120214 21:30:23 PingRate          = 10
20120214 21:30:23 ExtraBuffer       = 131072
20120214 21:30:23 ChanWidth         = 0
20120214 21:30:23 ChanDepth         = 8
20120214 21:30:23 ChanClients       = 0
20120214 21:30:23 DisableQuit       = 0
20120214 21:30:23 VoiceCodec        = 3 (Speex)
20120214 21:30:23 VoiceFormat       = 32 (32 KHz, 16 bit, 10 Qlty) - Bytes/Sec 5520
20120214 21:30:23 SilentLobby       = 0
20120214 21:30:23 AutoKick          = 0
20120214 21:30:23 MaxClients        = 8
20120214 21:30:23 
20120214 21:30:23 
20120214 21:30:23 ERROR: Unable to bind to TCP socket.
20120214 21:30:58 NET: ID 1, Disconnect, 10054.
20120214 21:30:58 MSG_DISC: ID 1, From=6162, To=1027, Sec=161, Name=ufoo
20120214 21:30:59 END: Shutting down the server.
20120214 21:30:59 END: Shutdown complete. Uptime was 0 00:03:06.
20120216 17:14:17 Version           = 3.0.3
20120216 17:14:17 Name              = #uFo
20120216 17:14:17 Phonetic          = #uFo
20120216 17:14:17 Auth              = 0
20120216 17:14:17 Duplicates        = 1
20120216 17:14:17 SendBuffer        = 131072
20120216 17:14:17 RecvBuffer        = 131072
20120216 17:14:17 LogonTimeout      = 5
20120216 17:14:17 CloseStd          = 1
20120216 17:14:17 TimeStamp         = 0
20120216 17:14:17 PingRate          = 10
20120216 17:14:17 ExtraBuffer       = 131072
20120216 17:14:17 ChanWidth         = 0
20120216 17:14:17 ChanDepth         = 8
20120216 17:14:17 ChanClients       = 0
20120216 17:14:17 DisableQuit       = 0
20120216 17:14:17 VoiceCodec        = 3 (Speex)
20120216 17:14:17 VoiceFormat       = 32 (32 KHz, 16 bit, 10 Qlty) - Bytes/Sec 5520
20120216 17:14:17 SilentLobby       = 0
20120216 17:14:17 AutoKick          = 0
20120216 17:14:17 MaxClients        = 8
20120216 17:14:17 
20120216 17:14:17 
20120216 17:14:17 READY:
20120216 17:14:34 END: Shutting down the server.
20120216 17:14:34 END: Shutdown complete. Uptime was 0 00:00:17.
